{"/home/jc/Documents/work/node/firebaseApi/utils/firebase.ts": {"path":"/home/jc/Documents/work/node/firebaseApi/utils/firebase.ts","statementMap":{"0":{"start":{"line":6,"column":19},"end":{"line":6,"column":49}},"1":{"start":{"line":7,"column":18},"end":{"line":7,"column":42}},"2":{"start":{"line":9,"column":23},"end":{"line":10,"column":null}},"3":{"start":{"line":13,"column":0},"end":{"line":19,"column":1}},"4":{"start":{"line":14,"column":4},"end":{"line":16,"column":7}},"5":{"start":{"line":21,"column":37},"end":{"line":21,"column":49}},"6":{"start":{"line":22,"column":45},"end":{"line":22,"column":62}}},"fnMap":{},"branchMap":{},"s":{"0":4,"1":4,"2":4,"3":4,"4":4,"5":4,"6":4},"f":{},"b":{}}
}
